<?xml version="1.0" encoding="UTF-8"?>
<!-- Generated by org.testng.reporters.JUnitReportReporter -->
<testsuite hostname="user-PC" name="runner.TestRunner" tests="1" failures="0" timestamp="25 Nov 2020 16:30:24 GMT" time="19.117" errors="0">
  <testcase name="feature" time="19.117" classname="runner.TestRunner"/>
</testsuite> <!-- runner.TestRunner -->
