<?xml version="1.0" encoding="UTF-8"?>
<!-- Generated by org.testng.reporters.JUnitReportReporter -->
<testsuite hostname="user-PC" name="runner.TestRunner" tests="1" failures="0" timestamp="26 Nov 2020 06:26:11 GMT" time="21.582" errors="0">
  <testcase name="feature" time="21.582" classname="runner.TestRunner"/>
</testsuite> <!-- runner.TestRunner -->
